[0210/234102.224:ERROR:process_reader_win.cc(151)] SuspendThread: Access is denied. (0x5)
[0210/234102.277:ERROR:process_reader_win.cc(123)] NtOpenThread: An invalid Client ID was specified. (0xc000000b)
[0210/234102.277:ERROR:process_reader_win.cc(123)] NtOpenThread: {Access Denied} A process has requested access to an object, but has not been granted those access rights. (0xc0000022)
[0210/234102.277:ERROR:exception_snapshot_win.cc(98)] thread ID 10528 not found in process
[0210/234102.277:ERROR:scoped_process_suspend.cc(40)] NtResumeProcess: An attempt was made to access an exiting process. (0xc000010a)
[0210/234820.938:ERROR:process_reader_win.cc(151)] SuspendThread: Access is denied. (0x5)
[0210/234820.938:ERROR:process_reader_win.cc(151)] SuspendThread: Access is denied. (0x5)
[0210/234820.938:ERROR:process_reader_win.cc(151)] SuspendThread: Access is denied. (0x5)
[0210/234820.982:ERROR:process_reader_win.cc(151)] SuspendThread: Access is denied. (0x5)
[0210/234820.938:ERROR:process_reader_win.cc(151)] SuspendThread: Access is denied. (0x5)
[0210/234820.983:ERROR:process_reader_win.cc(151)] SuspendThread: Access is denied. (0x5)
[0210/234820.983:ERROR:process_reader_win.cc(151)] SuspendThread: Access is denied. (0x5)
[0210/234820.983:ERROR:process_reader_win.cc(151)] SuspendThread: Access is denied. (0x5)
[0210/234820.983:ERROR:process_reader_win.cc(151)] SuspendThread: Access is denied. (0x5)
[0210/234820.983:ERROR:process_reader_win.cc(151)] SuspendThread: Access is denied. (0x5)
[0210/234820.983:ERROR:process_reader_win.cc(151)] SuspendThread: Access is denied. (0x5)
[0210/234820.983:ERROR:process_reader_win.cc(151)] SuspendThread: Access is denied. (0x5)
[0210/234820.983:ERROR:process_reader_win.cc(151)] SuspendThread: Access is denied. (0x5)
[0210/234820.983:ERROR:process_reader_win.cc(151)] SuspendThread: Access is denied. (0x5)
[0210/234820.983:ERROR:process_reader_win.cc(151)] SuspendThread: Access is denied. (0x5)
[0210/234820.983:ERROR:process_reader_win.cc(151)] SuspendThread: Access is denied. (0x5)
[0210/234820.983:ERROR:process_reader_win.cc(151)] SuspendThread: Access is denied. (0x5)
[0210/234820.983:ERROR:process_reader_win.cc(151)] SuspendThread: Access is denied. (0x5)
[0210/234820.983:ERROR:process_reader_win.cc(151)] SuspendThread: Access is denied. (0x5)
[0210/234820.983:ERROR:process_reader_win.cc(151)] SuspendThread: Access is denied. (0x5)
[0210/234820.983:ERROR:process_reader_win.cc(151)] SuspendThread: Access is denied. (0x5)
[0210/234820.983:ERROR:process_reader_win.cc(151)] SuspendThread: Access is denied. (0x5)
[0210/234820.983:ERROR:process_reader_win.cc(151)] SuspendThread: Access is denied. (0x5)
[0210/234820.983:ERROR:process_reader_win.cc(151)] SuspendThread: Access is denied. (0x5)
[0210/234820.983:ERROR:process_reader_win.cc(151)] SuspendThread: Access is denied. (0x5)
[0210/234820.983:ERROR:process_reader_win.cc(151)] SuspendThread: Access is denied. (0x5)
[0210/234820.983:ERROR:process_reader_win.cc(151)] SuspendThread: Access is denied. (0x5)
[0210/234820.983:ERROR:process_reader_win.cc(151)] SuspendThread: Access is denied. (0x5)
[0210/234820.983:ERROR:process_reader_win.cc(151)] SuspendThread: Access is denied. (0x5)
[0210/234820.983:ERROR:process_reader_win.cc(151)] SuspendThread: Access is denied. (0x5)
[0210/234820.983:ERROR:process_reader_win.cc(151)] SuspendThread: Access is denied. (0x5)
[0210/234820.983:ERROR:process_reader_win.cc(151)] SuspendThread: Access is denied. (0x5)
[0210/234820.983:ERROR:process_reader_win.cc(151)] SuspendThread: Access is denied. (0x5)
[0210/234820.983:ERROR:process_reader_win.cc(151)] SuspendThread: Access is denied. (0x5)
[0210/234820.983:ERROR:process_reader_win.cc(151)] SuspendThread: Access is denied. (0x5)
[0210/234820.983:ERROR:process_reader_win.cc(151)] SuspendThread: Access is denied. (0x5)
[0210/234820.983:ERROR:process_reader_win.cc(151)] SuspendThread: Access is denied. (0x5)
[0210/234820.983:ERROR:process_reader_win.cc(151)] SuspendThread: Access is denied. (0x5)
[0210/234820.983:ERROR:process_reader_win.cc(151)] SuspendThread: Access is denied. (0x5)
[0210/234820.983:ERROR:process_reader_win.cc(151)] SuspendThread: Access is denied. (0x5)
[0210/234820.983:ERROR:process_reader_win.cc(151)] SuspendThread: Access is denied. (0x5)
[0210/234820.983:ERROR:process_reader_win.cc(151)] SuspendThread: Access is denied. (0x5)
[0210/234820.983:ERROR:process_reader_win.cc(151)] SuspendThread: Access is denied. (0x5)
[0210/234820.983:ERROR:process_reader_win.cc(151)] SuspendThread: Access is denied. (0x5)
[0210/234820.983:ERROR:process_reader_win.cc(151)] SuspendThread: Access is denied. (0x5)
[0210/234820.983:ERROR:process_reader_win.cc(151)] SuspendThread: Access is denied. (0x5)
[0210/234820.983:ERROR:process_reader_win.cc(151)] SuspendThread: Access is denied. (0x5)
[0210/234820.983:ERROR:process_reader_win.cc(151)] SuspendThread: Access is denied. (0x5)
[0210/234820.983:ERROR:process_reader_win.cc(151)] SuspendThread: Access is denied. (0x5)
[0210/234820.984:ERROR:process_reader_win.cc(151)] SuspendThread: Access is denied. (0x5)
[0210/234820.984:ERROR:process_reader_win.cc(151)] SuspendThread: Access is denied. (0x5)
[0210/234820.984:ERROR:process_reader_win.cc(151)] SuspendThread: Access is denied. (0x5)
[0210/234820.984:ERROR:process_reader_win.cc(151)] SuspendThread: Access is denied. (0x5)
[0210/234820.984:ERROR:process_reader_win.cc(151)] SuspendThread: Access is denied. (0x5)
[0210/234820.984:ERROR:process_reader_win.cc(151)] SuspendThread: Access is denied. (0x5)
[0210/234820.984:ERROR:process_reader_win.cc(151)] SuspendThread: Access is denied. (0x5)
[0210/234820.984:ERROR:process_reader_win.cc(151)] SuspendThread: Access is denied. (0x5)
[0210/234820.984:ERROR:process_reader_win.cc(151)] SuspendThread: Access is denied. (0x5)
[0210/234820.984:ERROR:process_reader_win.cc(151)] SuspendThread: Access is denied. (0x5)
[0210/234820.984:ERROR:process_reader_win.cc(151)] SuspendThread: Access is denied. (0x5)
[0210/234820.984:ERROR:process_reader_win.cc(151)] SuspendThread: Access is denied. (0x5)
[0210/234820.984:ERROR:process_reader_win.cc(151)] SuspendThread: Access is denied. (0x5)
[0210/234820.984:ERROR:process_reader_win.cc(151)] SuspendThread: Access is denied. (0x5)
[0210/234820.984:ERROR:process_reader_win.cc(151)] SuspendThread: Access is denied. (0x5)
[0210/234820.984:ERROR:process_reader_win.cc(151)] SuspendThread: Access is denied. (0x5)
[0210/234820.984:ERROR:process_reader_win.cc(151)] SuspendThread: Access is denied. (0x5)
[0210/234820.984:ERROR:process_reader_win.cc(151)] SuspendThread: Access is denied. (0x5)
[0210/234820.984:ERROR:process_reader_win.cc(151)] SuspendThread: Access is denied. (0x5)
[0210/234820.984:ERROR:process_reader_win.cc(151)] SuspendThread: Access is denied. (0x5)
[0210/234820.984:ERROR:process_reader_win.cc(151)] SuspendThread: Access is denied. (0x5)
[0210/234820.984:ERROR:process_reader_win.cc(151)] SuspendThread: Access is denied. (0x5)
[0210/234820.984:ERROR:process_reader_win.cc(151)] SuspendThread: Access is denied. (0x5)
[0210/234820.984:ERROR:process_reader_win.cc(151)] SuspendThread: Access is denied. (0x5)
[0210/234820.984:ERROR:process_reader_win.cc(151)] SuspendThread: Access is denied. (0x5)
[0210/234820.984:ERROR:process_reader_win.cc(151)] SuspendThread: Access is denied. (0x5)
[0210/234820.984:ERROR:process_reader_win.cc(123)] NtOpenThread: {Access Denied} A process has requested access to an object, but has not been granted those access rights. (0xc0000022)
[0210/234820.984:ERROR:exception_snapshot_win.cc(98)] thread ID 6080 not found in process
[0210/234820.984:ERROR:process_reader_win.cc(123)] NtOpenThread: {Access Denied} A process has requested access to an object, but has not been granted those access rights. (0xc0000022)
[0210/234820.984:ERROR:exception_snapshot_win.cc(98)] thread ID 17856 not found in process
[0210/234820.984:ERROR:process_reader_win.cc(123)] NtOpenThread: {Access Denied} A process has requested access to an object, but has not been granted those access rights. (0xc0000022)
[0210/234820.984:ERROR:exception_snapshot_win.cc(98)] thread ID 16904 not found in process
[0210/234820.987:ERROR:process_reader_win.cc(151)] SuspendThread: Access is denied. (0x5)
[0210/234820.987:ERROR:process_reader_win.cc(123)] NtOpenThread: {Access Denied} A process has requested access to an object, but has not been granted those access rights. (0xc0000022)
[0210/234820.987:ERROR:exception_snapshot_win.cc(98)] thread ID 11400 not found in process
[0210/234820.987:ERROR:process_reader_win.cc(151)] SuspendThread: Access is denied. (0x5)
[0210/234820.987:ERROR:process_reader_win.cc(123)] NtOpenThread: {Access Denied} A process has requested access to an object, but has not been granted those access rights. (0xc0000022)
[0210/234820.987:ERROR:exception_snapshot_win.cc(98)] thread ID 19880 not found in process
[0210/234820.938:ERROR:process_reader_win.cc(151)] SuspendThread: Access is denied. (0x5)
[0210/234820.988:ERROR:process_reader_win.cc(151)] SuspendThread: Access is denied. (0x5)
[0210/234820.988:ERROR:process_reader_win.cc(151)] SuspendThread: Access is denied. (0x5)
[0210/234820.988:ERROR:process_reader_win.cc(151)] SuspendThread: Access is denied. (0x5)
[0210/234820.988:ERROR:process_reader_win.cc(151)] SuspendThread: Access is denied. (0x5)
[0210/234820.988:ERROR:process_reader_win.cc(151)] SuspendThread: Access is denied. (0x5)
[0210/234820.988:ERROR:process_reader_win.cc(151)] SuspendThread: Access is denied. (0x5)
[0210/234820.988:ERROR:process_reader_win.cc(151)] SuspendThread: Access is denied. (0x5)
[0210/234820.988:ERROR:process_reader_win.cc(151)] SuspendThread: Access is denied. (0x5)
[0210/234820.988:ERROR:process_reader_win.cc(151)] SuspendThread: Access is denied. (0x5)
[0210/234820.988:ERROR:process_reader_win.cc(151)] SuspendThread: Access is denied. (0x5)
[0210/234820.988:ERROR:process_reader_win.cc(151)] SuspendThread: Access is denied. (0x5)
[0210/234820.988:ERROR:process_reader_win.cc(151)] SuspendThread: Access is denied. (0x5)
[0210/234820.988:ERROR:process_reader_win.cc(151)] SuspendThread: Access is denied. (0x5)
[0210/234820.988:ERROR:process_reader_win.cc(151)] SuspendThread: Access is denied. (0x5)
[0210/234820.988:ERROR:process_reader_win.cc(151)] SuspendThread: Access is denied. (0x5)
[0210/234820.988:ERROR:process_reader_win.cc(151)] SuspendThread: Access is denied. (0x5)
[0210/234820.988:ERROR:process_reader_win.cc(151)] SuspendThread: Access is denied. (0x5)
[0210/234820.988:ERROR:process_reader_win.cc(151)] SuspendThread: Access is denied. (0x5)
[0210/234820.988:ERROR:process_reader_win.cc(151)] SuspendThread: Access is denied. (0x5)
[0210/234820.988:ERROR:process_reader_win.cc(151)] SuspendThread: Access is denied. (0x5)
[0210/234820.988:ERROR:process_reader_win.cc(151)] SuspendThread: Access is denied. (0x5)
[0210/234820.989:ERROR:process_reader_win.cc(151)] SuspendThread: Access is denied. (0x5)
[0210/234820.989:ERROR:process_reader_win.cc(151)] SuspendThread: Access is denied. (0x5)
[0210/234820.989:ERROR:process_reader_win.cc(151)] SuspendThread: Access is denied. (0x5)
[0210/234820.989:ERROR:process_reader_win.cc(123)] NtOpenThread: {Access Denied} A process has requested access to an object, but has not been granted those access rights. (0xc0000022)
[0210/234820.989:ERROR:exception_snapshot_win.cc(98)] thread ID 10544 not found in process
[0210/234821.004:ERROR:process_reader_win.cc(151)] SuspendThread: Access is denied. (0x5)
[0210/234821.004:ERROR:process_reader_win.cc(123)] NtOpenThread: {Access Denied} A process has requested access to an object, but has not been granted those access rights. (0xc0000022)
[0210/234821.004:ERROR:exception_snapshot_win.cc(98)] thread ID 19808 not found in process
[0210/234821.004:ERROR:process_reader_win.cc(151)] SuspendThread: Access is denied. (0x5)
[0210/234821.004:ERROR:process_reader_win.cc(123)] NtOpenThread: {Access Denied} A process has requested access to an object, but has not been granted those access rights. (0xc0000022)
[0210/234821.004:ERROR:exception_snapshot_win.cc(98)] thread ID 19732 not found in process
[0210/235043.543:ERROR:process_reader_win.cc(123)] NtOpenThread: {Access Denied} A process has requested access to an object, but has not been granted those access rights. (0xc0000022)
[0210/235043.543:ERROR:exception_snapshot_win.cc(98)] thread ID 4084 not found in process
[0210/235043.560:ERROR:process_reader_win.cc(123)] NtOpenThread: {Access Denied} A process has requested access to an object, but has not been granted those access rights. (0xc0000022)
[0210/235043.561:ERROR:exception_snapshot_win.cc(98)] thread ID 2028 not found in process
[0210/235150.252:ERROR:process_reader_win.cc(151)] SuspendThread: Access is denied. (0x5)
[0210/235150.253:ERROR:process_reader_win.cc(123)] NtOpenThread: {Access Denied} A process has requested access to an object, but has not been granted those access rights. (0xc0000022)
[0210/235150.254:ERROR:exception_snapshot_win.cc(98)] thread ID 852 not found in process
[0210/235150.262:ERROR:process_reader_win.cc(151)] SuspendThread: Access is denied. (0x5)
[0210/235150.262:ERROR:process_reader_win.cc(151)] SuspendThread: Access is denied. (0x5)
[0210/235150.262:ERROR:process_reader_win.cc(123)] NtOpenThread: {Access Denied} A process has requested access to an object, but has not been granted those access rights. (0xc0000022)
[0210/235150.262:ERROR:exception_snapshot_win.cc(98)] thread ID 16680 not found in process
[0210/235150.283:ERROR:process_reader_win.cc(123)] NtOpenThread: {Access Denied} A process has requested access to an object, but has not been granted those access rights. (0xc0000022)
[0210/235150.283:ERROR:exception_snapshot_win.cc(98)] thread ID 15448 not found in process
[0210/235351.544:ERROR:process_reader_win.cc(151)] SuspendThread: Access is denied. (0x5)
[0210/235351.547:ERROR:process_reader_win.cc(151)] SuspendThread: Access is denied. (0x5)
[0210/235351.547:ERROR:process_reader_win.cc(151)] SuspendThread: Access is denied. (0x5)
[0210/235351.547:ERROR:process_reader_win.cc(151)] SuspendThread: Access is denied. (0x5)
[0210/235351.547:ERROR:process_reader_win.cc(151)] SuspendThread: Access is denied. (0x5)
[0210/235351.547:ERROR:process_reader_win.cc(151)] SuspendThread: Access is denied. (0x5)
[0210/235351.547:ERROR:process_reader_win.cc(151)] SuspendThread: Access is denied. (0x5)
[0210/235351.547:ERROR:process_reader_win.cc(151)] SuspendThread: Access is denied. (0x5)
[0210/235351.547:ERROR:process_reader_win.cc(151)] SuspendThread: Access is denied. (0x5)
[0210/235351.547:ERROR:process_reader_win.cc(151)] SuspendThread: Access is denied. (0x5)
[0210/235351.547:ERROR:process_reader_win.cc(151)] SuspendThread: Access is denied. (0x5)
[0210/235351.548:ERROR:process_reader_win.cc(151)] SuspendThread: Access is denied. (0x5)
[0210/235351.548:ERROR:process_reader_win.cc(151)] SuspendThread: Access is denied. (0x5)
[0210/235351.548:ERROR:process_reader_win.cc(151)] SuspendThread: Access is denied. (0x5)
[0210/235351.549:ERROR:process_reader_win.cc(123)] NtOpenThread: {Access Denied} A process has requested access to an object, but has not been granted those access rights. (0xc0000022)
[0210/235351.549:ERROR:exception_snapshot_win.cc(98)] thread ID 14356 not found in process
[0210/235351.552:ERROR:process_reader_win.cc(151)] SuspendThread: Access is denied. (0x5)
[0210/235351.553:ERROR:process_reader_win.cc(151)] SuspendThread: Access is denied. (0x5)
[0210/235351.553:ERROR:process_reader_win.cc(151)] SuspendThread: Access is denied. (0x5)
[0210/235351.553:ERROR:process_reader_win.cc(151)] SuspendThread: Access is denied. (0x5)
[0210/235351.553:ERROR:process_reader_win.cc(151)] SuspendThread: Access is denied. (0x5)
[0210/235351.552:ERROR:process_reader_win.cc(151)] SuspendThread: Access is denied. (0x5)
[0210/235351.553:ERROR:process_reader_win.cc(151)] SuspendThread: Access is denied. (0x5)
[0210/235351.553:ERROR:process_reader_win.cc(151)] SuspendThread: Access is denied. (0x5)
[0210/235351.553:ERROR:process_reader_win.cc(151)] SuspendThread: Access is denied. (0x5)
[0210/235351.553:ERROR:process_reader_win.cc(151)] SuspendThread: Access is denied. (0x5)
[0210/235351.553:ERROR:process_reader_win.cc(151)] SuspendThread: Access is denied. (0x5)
[0210/235351.553:ERROR:process_reader_win.cc(151)] SuspendThread: Access is denied. (0x5)
[0210/235351.553:ERROR:process_reader_win.cc(151)] SuspendThread: Access is denied. (0x5)
[0210/235351.584:ERROR:process_reader_win.cc(151)] SuspendThread: Access is denied. (0x5)
[0210/235351.600:ERROR:process_reader_win.cc(151)] SuspendThread: Access is denied. (0x5)
[0210/235351.600:ERROR:process_reader_win.cc(151)] SuspendThread: Access is denied. (0x5)
[0210/235351.600:ERROR:process_reader_win.cc(151)] SuspendThread: Access is denied. (0x5)
[0210/235351.600:ERROR:process_reader_win.cc(151)] SuspendThread: Access is denied. (0x5)
[0210/235351.600:ERROR:process_reader_win.cc(151)] SuspendThread: Access is denied. (0x5)
[0210/235351.600:ERROR:process_reader_win.cc(151)] SuspendThread: Access is denied. (0x5)
[0210/235351.600:ERROR:process_reader_win.cc(151)] SuspendThread: Access is denied. (0x5)
[0210/235351.600:ERROR:process_reader_win.cc(151)] SuspendThread: Access is denied. (0x5)
[0210/235351.600:ERROR:process_reader_win.cc(151)] SuspendThread: Access is denied. (0x5)
[0210/235351.600:ERROR:process_reader_win.cc(151)] SuspendThread: Access is denied. (0x5)
[0210/235351.600:ERROR:process_reader_win.cc(151)] SuspendThread: Access is denied. (0x5)
[0210/235351.600:ERROR:process_reader_win.cc(151)] SuspendThread: Access is denied. (0x5)
[0210/235351.600:ERROR:process_reader_win.cc(151)] SuspendThread: Access is denied. (0x5)
[0210/235351.600:ERROR:process_reader_win.cc(151)] SuspendThread: Access is denied. (0x5)
[0210/235351.600:ERROR:process_reader_win.cc(151)] SuspendThread: Access is denied. (0x5)
[0210/235351.600:ERROR:process_reader_win.cc(151)] SuspendThread: Access is denied. (0x5)
[0210/235351.600:ERROR:process_reader_win.cc(151)] SuspendThread: Access is denied. (0x5)
[0210/235351.600:ERROR:process_reader_win.cc(151)] SuspendThread: Access is denied. (0x5)
[0210/235351.600:ERROR:process_reader_win.cc(151)] SuspendThread: Access is denied. (0x5)
[0210/235351.600:ERROR:process_reader_win.cc(151)] SuspendThread: Access is denied. (0x5)
[0210/235351.600:ERROR:process_reader_win.cc(151)] SuspendThread: Access is denied. (0x5)
[0210/235351.600:ERROR:process_reader_win.cc(123)] NtOpenThread: {Access Denied} A process has requested access to an object, but has not been granted those access rights. (0xc0000022)
[0210/235351.601:ERROR:exception_snapshot_win.cc(98)] thread ID 16544 not found in process
[0210/235351.601:ERROR:process_reader_win.cc(123)] NtOpenThread: {Access Denied} A process has requested access to an object, but has not been granted those access rights. (0xc0000022)
[0210/235351.601:ERROR:exception_snapshot_win.cc(98)] thread ID 19192 not found in process
[0210/235351.580:ERROR:process_reader_win.cc(151)] SuspendThread: Access is denied. (0x5)
[0210/235351.601:ERROR:process_reader_win.cc(151)] SuspendThread: Access is denied. (0x5)
[0210/235351.601:ERROR:process_reader_win.cc(123)] NtOpenThread: {Access Denied} A process has requested access to an object, but has not been granted those access rights. (0xc0000022)
[0210/235351.601:ERROR:exception_snapshot_win.cc(98)] thread ID 18296 not found in process
[0210/235351.601:ERROR:process_reader_win.cc(123)] NtOpenThread: {Access Denied} A process has requested access to an object, but has not been granted those access rights. (0xc0000022)
[0210/235351.601:ERROR:exception_snapshot_win.cc(98)] thread ID 12464 not found in process
[0210/235351.585:ERROR:process_reader_win.cc(151)] SuspendThread: Access is denied. (0x5)
[0210/235351.590:ERROR:process_reader_win.cc(151)] SuspendThread: Access is denied. (0x5)
[0210/235351.602:ERROR:process_reader_win.cc(151)] SuspendThread: Access is denied. (0x5)
[0210/235351.602:ERROR:process_reader_win.cc(151)] SuspendThread: Access is denied. (0x5)
[0210/235351.602:ERROR:process_reader_win.cc(123)] NtOpenThread: {Access Denied} A process has requested access to an object, but has not been granted those access rights. (0xc0000022)
[0210/235351.602:ERROR:exception_snapshot_win.cc(98)] thread ID 5648 not found in process
[0210/235351.602:ERROR:process_reader_win.cc(151)] SuspendThread: Access is denied. (0x5)
[0210/235351.602:ERROR:process_reader_win.cc(151)] SuspendThread: Access is denied. (0x5)
[0210/235351.602:ERROR:process_reader_win.cc(151)] SuspendThread: Access is denied. (0x5)
[0210/235351.602:ERROR:process_reader_win.cc(151)] SuspendThread: Access is denied. (0x5)
[0210/235351.602:ERROR:process_reader_win.cc(123)] NtOpenThread: {Access Denied} A process has requested access to an object, but has not been granted those access rights. (0xc0000022)
[0210/235351.602:ERROR:exception_snapshot_win.cc(98)] thread ID 20420 not found in process
[0210/235351.611:ERROR:process_reader_win.cc(151)] SuspendThread: Access is denied. (0x5)
[0210/235351.611:ERROR:process_reader_win.cc(123)] NtOpenThread: {Access Denied} A process has requested access to an object, but has not been granted those access rights. (0xc0000022)
[0210/235351.611:ERROR:exception_snapshot_win.cc(98)] thread ID 13132 not found in process
[0211/003117.180:ERROR:process_reader_win.cc(151)] SuspendThread: Access is denied. (0x5)
[0211/003117.182:ERROR:process_reader_win.cc(151)] SuspendThread: Access is denied. (0x5)
[0211/003117.183:ERROR:process_reader_win.cc(123)] NtOpenThread: {Access Denied} A process has requested access to an object, but has not been granted those access rights. (0xc0000022)
[0211/003117.183:ERROR:exception_snapshot_win.cc(98)] thread ID 8372 not found in process
[0211/003117.182:ERROR:process_reader_win.cc(123)] NtOpenThread: {Access Denied} A process has requested access to an object, but has not been granted those access rights. (0xc0000022)
[0211/003117.184:ERROR:exception_snapshot_win.cc(98)] thread ID 10044 not found in process
[0211/003117.192:ERROR:process_reader_win.cc(151)] SuspendThread: Access is denied. (0x5)
[0211/003117.193:ERROR:process_reader_win.cc(151)] SuspendThread: Access is denied. (0x5)
[0211/003117.193:ERROR:process_reader_win.cc(151)] SuspendThread: Access is denied. (0x5)
[0211/003117.193:ERROR:process_reader_win.cc(151)] SuspendThread: Access is denied. (0x5)
[0211/003117.193:ERROR:process_reader_win.cc(151)] SuspendThread: Access is denied. (0x5)
[0211/003117.193:ERROR:process_reader_win.cc(151)] SuspendThread: Access is denied. (0x5)
[0211/003117.193:ERROR:process_reader_win.cc(151)] SuspendThread: Access is denied. (0x5)
[0211/003117.193:ERROR:process_reader_win.cc(151)] SuspendThread: Access is denied. (0x5)
[0211/003117.193:ERROR:process_reader_win.cc(151)] SuspendThread: Access is denied. (0x5)
[0211/003117.193:ERROR:process_reader_win.cc(151)] SuspendThread: Access is denied. (0x5)
[0211/003117.193:ERROR:process_reader_win.cc(151)] SuspendThread: Access is denied. (0x5)
[0211/003117.193:ERROR:process_reader_win.cc(151)] SuspendThread: Access is denied. (0x5)
[0211/003117.193:ERROR:process_reader_win.cc(151)] SuspendThread: Access is denied. (0x5)
[0211/003117.193:ERROR:process_reader_win.cc(151)] SuspendThread: Access is denied. (0x5)
[0211/003117.193:ERROR:process_reader_win.cc(151)] SuspendThread: Access is denied. (0x5)
[0211/003117.193:ERROR:process_reader_win.cc(151)] SuspendThread: Access is denied. (0x5)
[0211/003117.194:ERROR:process_reader_win.cc(151)] SuspendThread: Access is denied. (0x5)
[0211/003117.194:ERROR:process_reader_win.cc(151)] SuspendThread: Access is denied. (0x5)
[0211/003117.194:ERROR:process_reader_win.cc(151)] SuspendThread: Access is denied. (0x5)
[0211/003117.194:ERROR:process_reader_win.cc(151)] SuspendThread: Access is denied. (0x5)
[0211/003117.194:ERROR:process_reader_win.cc(151)] SuspendThread: Access is denied. (0x5)
[0211/003117.194:ERROR:process_reader_win.cc(151)] SuspendThread: Access is denied. (0x5)
[0211/003117.194:ERROR:process_reader_win.cc(151)] SuspendThread: Access is denied. (0x5)
[0211/003117.194:ERROR:process_reader_win.cc(151)] SuspendThread: Access is denied. (0x5)
[0211/003117.194:ERROR:process_reader_win.cc(151)] SuspendThread: Access is denied. (0x5)
[0211/003117.194:ERROR:process_reader_win.cc(151)] SuspendThread: Access is denied. (0x5)
[0211/003117.194:ERROR:process_reader_win.cc(123)] NtOpenThread: {Access Denied} A process has requested access to an object, but has not been granted those access rights. (0xc0000022)
[0211/003117.194:ERROR:exception_snapshot_win.cc(98)] thread ID 20272 not found in process
[0211/003117.229:ERROR:process_reader_win.cc(151)] SuspendThread: Access is denied. (0x5)
[0211/003117.229:ERROR:process_reader_win.cc(123)] NtOpenThread: {Access Denied} A process has requested access to an object, but has not been granted those access rights. (0xc0000022)
[0211/003117.229:ERROR:exception_snapshot_win.cc(98)] thread ID 17920 not found in process
[0211/003117.246:ERROR:process_reader_win.cc(151)] SuspendThread: Access is denied. (0x5)
[0211/003117.247:ERROR:process_reader_win.cc(151)] SuspendThread: Access is denied. (0x5)
[0211/003117.247:ERROR:process_reader_win.cc(151)] SuspendThread: Access is denied. (0x5)
[0211/003117.247:ERROR:process_reader_win.cc(151)] SuspendThread: Access is denied. (0x5)
[0211/003117.247:ERROR:process_reader_win.cc(123)] NtOpenThread: {Access Denied} A process has requested access to an object, but has not been granted those access rights. (0xc0000022)
[0211/003117.247:ERROR:exception_snapshot_win.cc(98)] thread ID 12528 not found in process
[0211/003117.249:ERROR:process_reader_win.cc(151)] SuspendThread: Access is denied. (0x5)
[0211/003117.249:ERROR:process_reader_win.cc(151)] SuspendThread: Access is denied. (0x5)
[0211/003117.249:ERROR:process_reader_win.cc(151)] SuspendThread: Access is denied. (0x5)
[0211/003117.249:ERROR:process_reader_win.cc(151)] SuspendThread: Access is denied. (0x5)
[0211/003117.249:ERROR:process_reader_win.cc(151)] SuspendThread: Access is denied. (0x5)
[0211/003117.249:ERROR:process_reader_win.cc(123)] NtOpenThread: {Access Denied} A process has requested access to an object, but has not been granted those access rights. (0xc0000022)
[0211/003117.249:ERROR:exception_snapshot_win.cc(98)] thread ID 9392 not found in process
[0211/014727.889:ERROR:process_reader_win.cc(151)] SuspendThread: Access is denied. (0x5)
[0211/014727.890:ERROR:process_reader_win.cc(151)] SuspendThread: Access is denied. (0x5)
[0211/014727.890:ERROR:process_reader_win.cc(151)] SuspendThread: Access is denied. (0x5)
[0211/014727.890:ERROR:process_reader_win.cc(151)] SuspendThread: Access is denied. (0x5)
[0211/014727.890:ERROR:process_reader_win.cc(151)] SuspendThread: Access is denied. (0x5)
[0211/014727.890:ERROR:process_reader_win.cc(151)] SuspendThread: Access is denied. (0x5)
[0211/014727.890:ERROR:process_reader_win.cc(151)] SuspendThread: Access is denied. (0x5)
[0211/014727.890:ERROR:process_reader_win.cc(151)] SuspendThread: Access is denied. (0x5)
[0211/014727.890:ERROR:process_reader_win.cc(151)] SuspendThread: Access is denied. (0x5)
[0211/014727.890:ERROR:process_reader_win.cc(151)] SuspendThread: Access is denied. (0x5)
[0211/014727.890:ERROR:process_reader_win.cc(151)] SuspendThread: Access is denied. (0x5)
[0211/014727.890:ERROR:process_reader_win.cc(151)] SuspendThread: Access is denied. (0x5)
[0211/014727.890:ERROR:process_reader_win.cc(151)] SuspendThread: Access is denied. (0x5)
[0211/014727.890:ERROR:process_reader_win.cc(151)] SuspendThread: Access is denied. (0x5)
[0211/014727.890:ERROR:process_reader_win.cc(151)] SuspendThread: Access is denied. (0x5)
[0211/014727.890:ERROR:process_reader_win.cc(151)] SuspendThread: Access is denied. (0x5)
[0211/014727.890:ERROR:process_reader_win.cc(151)] SuspendThread: Access is denied. (0x5)
[0211/014727.890:ERROR:process_reader_win.cc(151)] SuspendThread: Access is denied. (0x5)
[0211/014727.890:ERROR:process_reader_win.cc(151)] SuspendThread: Access is denied. (0x5)
[0211/014727.890:ERROR:process_reader_win.cc(151)] SuspendThread: Access is denied. (0x5)
[0211/014727.890:ERROR:process_reader_win.cc(151)] SuspendThread: Access is denied. (0x5)
[0211/014727.890:ERROR:process_reader_win.cc(151)] SuspendThread: Access is denied. (0x5)
[0211/014727.890:ERROR:process_reader_win.cc(151)] SuspendThread: Access is denied. (0x5)
[0211/014727.890:ERROR:process_reader_win.cc(151)] SuspendThread: Access is denied. (0x5)
[0211/014727.890:ERROR:process_reader_win.cc(151)] SuspendThread: Access is denied. (0x5)
[0211/014727.890:ERROR:process_reader_win.cc(151)] SuspendThread: Access is denied. (0x5)
[0211/014727.891:ERROR:process_reader_win.cc(151)] SuspendThread: Access is denied. (0x5)
[0211/014727.892:ERROR:process_reader_win.cc(151)] SuspendThread: Access is denied. (0x5)
[0211/014727.892:ERROR:process_reader_win.cc(151)] SuspendThread: Access is denied. (0x5)
[0211/014727.892:ERROR:process_reader_win.cc(151)] SuspendThread: Access is denied. (0x5)
[0211/014727.892:ERROR:process_reader_win.cc(151)] SuspendThread: Access is denied. (0x5)
[0211/014727.892:ERROR:process_reader_win.cc(151)] SuspendThread: Access is denied. (0x5)
[0211/014727.892:ERROR:process_reader_win.cc(151)] SuspendThread: Access is denied. (0x5)
[0211/014727.892:ERROR:process_reader_win.cc(151)] SuspendThread: Access is denied. (0x5)
[0211/014727.892:ERROR:process_reader_win.cc(151)] SuspendThread: Access is denied. (0x5)
[0211/014727.892:ERROR:process_reader_win.cc(151)] SuspendThread: Access is denied. (0x5)
[0211/014727.892:ERROR:process_reader_win.cc(151)] SuspendThread: Access is denied. (0x5)
[0211/014727.892:ERROR:process_reader_win.cc(151)] SuspendThread: Access is denied. (0x5)
[0211/014727.892:ERROR:process_reader_win.cc(151)] SuspendThread: Access is denied. (0x5)
[0211/014727.892:ERROR:process_reader_win.cc(151)] SuspendThread: Access is denied. (0x5)
[0211/014727.892:ERROR:process_reader_win.cc(151)] SuspendThread: Access is denied. (0x5)
[0211/014727.892:ERROR:process_reader_win.cc(151)] SuspendThread: Access is denied. (0x5)
[0211/014727.892:ERROR:process_reader_win.cc(151)] SuspendThread: Access is denied. (0x5)
[0211/014727.892:ERROR:process_reader_win.cc(151)] SuspendThread: Access is denied. (0x5)
[0211/014727.892:ERROR:process_reader_win.cc(151)] SuspendThread: Access is denied. (0x5)
[0211/014727.892:ERROR:process_reader_win.cc(151)] SuspendThread: Access is denied. (0x5)
[0211/014727.892:ERROR:process_reader_win.cc(151)] SuspendThread: Access is denied. (0x5)
[0211/014727.892:ERROR:process_reader_win.cc(151)] SuspendThread: Access is denied. (0x5)
[0211/014727.892:ERROR:process_reader_win.cc(151)] SuspendThread: Access is denied. (0x5)
[0211/014727.892:ERROR:process_reader_win.cc(151)] SuspendThread: Access is denied. (0x5)
[0211/014727.892:ERROR:process_reader_win.cc(151)] SuspendThread: Access is denied. (0x5)
[0211/014727.892:ERROR:process_reader_win.cc(151)] SuspendThread: Access is denied. (0x5)
[0211/014727.893:ERROR:process_reader_win.cc(151)] SuspendThread: Access is denied. (0x5)
[0211/014727.893:ERROR:process_reader_win.cc(151)] SuspendThread: Access is denied. (0x5)
[0211/014727.893:ERROR:process_reader_win.cc(151)] SuspendThread: Access is denied. (0x5)
[0211/014727.893:ERROR:process_reader_win.cc(151)] SuspendThread: Access is denied. (0x5)
[0211/014727.893:ERROR:process_reader_win.cc(151)] SuspendThread: Access is denied. (0x5)
[0211/014727.893:ERROR:process_reader_win.cc(151)] SuspendThread: Access is denied. (0x5)
[0211/014727.893:ERROR:process_reader_win.cc(151)] SuspendThread: Access is denied. (0x5)
[0211/014727.893:ERROR:process_reader_win.cc(151)] SuspendThread: Access is denied. (0x5)
[0211/014727.893:ERROR:process_reader_win.cc(151)] SuspendThread: Access is denied. (0x5)
[0211/014727.893:ERROR:process_reader_win.cc(151)] SuspendThread: Access is denied. (0x5)
[0211/014727.893:ERROR:process_reader_win.cc(151)] SuspendThread: Access is denied. (0x5)
[0211/014727.893:ERROR:process_reader_win.cc(151)] SuspendThread: Access is denied. (0x5)
[0211/014727.893:ERROR:process_reader_win.cc(151)] SuspendThread: Access is denied. (0x5)
[0211/014727.893:ERROR:process_reader_win.cc(151)] SuspendThread: Access is denied. (0x5)
[0211/014727.893:ERROR:process_reader_win.cc(151)] SuspendThread: Access is denied. (0x5)
[0211/014727.893:ERROR:process_reader_win.cc(151)] SuspendThread: Access is denied. (0x5)
[0211/014727.893:ERROR:process_reader_win.cc(151)] SuspendThread: Access is denied. (0x5)
[0211/014727.893:ERROR:process_reader_win.cc(151)] SuspendThread: Access is denied. (0x5)
[0211/014727.893:ERROR:process_reader_win.cc(151)] SuspendThread: Access is denied. (0x5)
[0211/014727.894:ERROR:process_reader_win.cc(151)] SuspendThread: Access is denied. (0x5)
[0211/014727.894:ERROR:process_reader_win.cc(151)] SuspendThread: Access is denied. (0x5)
[0211/014727.894:ERROR:process_reader_win.cc(151)] SuspendThread: Access is denied. (0x5)
[0211/014727.894:ERROR:process_reader_win.cc(151)] SuspendThread: Access is denied. (0x5)
[0211/014727.894:ERROR:process_reader_win.cc(151)] SuspendThread: Access is denied. (0x5)
[0211/014727.894:ERROR:process_reader_win.cc(151)] SuspendThread: Access is denied. (0x5)
[0211/014727.896:ERROR:process_reader_win.cc(151)] SuspendThread: Access is denied. (0x5)
[0211/014727.896:ERROR:process_reader_win.cc(151)] SuspendThread: Access is denied. (0x5)
[0211/014727.896:ERROR:process_reader_win.cc(151)] SuspendThread: Access is denied. (0x5)
[0211/014727.896:ERROR:process_reader_win.cc(151)] SuspendThread: Access is denied. (0x5)
[0211/014727.896:ERROR:process_reader_win.cc(151)] SuspendThread: Access is denied. (0x5)
[0211/014727.896:ERROR:process_reader_win.cc(151)] SuspendThread: Access is denied. (0x5)
[0211/014727.896:ERROR:process_reader_win.cc(151)] SuspendThread: Access is denied. (0x5)
[0211/014727.897:ERROR:process_reader_win.cc(151)] SuspendThread: Access is denied. (0x5)
[0211/014727.892:ERROR:process_reader_win.cc(123)] NtOpenThread: {Access Denied} A process has requested access to an object, but has not been granted those access rights. (0xc0000022)
[0211/014727.898:ERROR:exception_snapshot_win.cc(98)] thread ID 11820 not found in process
[0211/014727.894:ERROR:process_reader_win.cc(123)] NtOpenThread: {Access Denied} A process has requested access to an object, but has not been granted those access rights. (0xc0000022)
[0211/014727.915:ERROR:exception_snapshot_win.cc(98)] thread ID 14440 not found in process
[0211/014727.917:ERROR:process_reader_win.cc(151)] SuspendThread: Access is denied. (0x5)
[0211/014727.919:ERROR:process_reader_win.cc(151)] SuspendThread: Access is denied. (0x5)
[0211/014727.919:ERROR:process_reader_win.cc(151)] SuspendThread: Access is denied. (0x5)
[0211/014727.919:ERROR:process_reader_win.cc(151)] SuspendThread: Access is denied. (0x5)
[0211/014727.919:ERROR:process_reader_win.cc(151)] SuspendThread: Access is denied. (0x5)
[0211/014727.919:ERROR:process_reader_win.cc(151)] SuspendThread: Access is denied. (0x5)
[0211/014727.919:ERROR:process_reader_win.cc(151)] SuspendThread: Access is denied. (0x5)
[0211/014727.919:ERROR:process_reader_win.cc(151)] SuspendThread: Access is denied. (0x5)
[0211/014727.919:ERROR:process_reader_win.cc(151)] SuspendThread: Access is denied. (0x5)
[0211/014727.919:ERROR:process_reader_win.cc(151)] SuspendThread: Access is denied. (0x5)
[0211/014727.919:ERROR:process_reader_win.cc(151)] SuspendThread: Access is denied. (0x5)
[0211/014727.920:ERROR:process_reader_win.cc(151)] SuspendThread: Access is denied. (0x5)
[0211/014727.920:ERROR:process_reader_win.cc(151)] SuspendThread: Access is denied. (0x5)
[0211/014727.920:ERROR:process_reader_win.cc(151)] SuspendThread: Access is denied. (0x5)
[0211/014727.920:ERROR:process_reader_win.cc(151)] SuspendThread: Access is denied. (0x5)
[0211/014727.920:ERROR:process_reader_win.cc(151)] SuspendThread: Access is denied. (0x5)
[0211/014727.920:ERROR:process_reader_win.cc(151)] SuspendThread: Access is denied. (0x5)
[0211/014727.920:ERROR:process_reader_win.cc(151)] SuspendThread: Access is denied. (0x5)
[0211/014727.920:ERROR:process_reader_win.cc(151)] SuspendThread: Access is denied. (0x5)
[0211/014727.920:ERROR:process_reader_win.cc(151)] SuspendThread: Access is denied. (0x5)
[0211/014727.920:ERROR:process_reader_win.cc(151)] SuspendThread: Access is denied. (0x5)
[0211/014727.920:ERROR:process_reader_win.cc(151)] SuspendThread: Access is denied. (0x5)
[0211/014727.920:ERROR:process_reader_win.cc(151)] SuspendThread: Access is denied. (0x5)
[0211/014727.920:ERROR:process_reader_win.cc(151)] SuspendThread: Access is denied. (0x5)
[0211/014727.897:ERROR:process_reader_win.cc(123)] NtOpenThread: {Access Denied} A process has requested access to an object, but has not been granted those access rights. (0xc0000022)
[0211/014727.962:ERROR:exception_snapshot_win.cc(98)] thread ID 12428 not found in process
[0211/014727.962:ERROR:process_reader_win.cc(123)] NtOpenThread: {Access Denied} A process has requested access to an object, but has not been granted those access rights. (0xc0000022)
[0211/014727.923:ERROR:process_reader_win.cc(151)] SuspendThread: Access is denied. (0x5)
[0211/014727.962:ERROR:exception_snapshot_win.cc(98)] thread ID 2128 not found in process
[0211/014727.962:ERROR:process_reader_win.cc(151)] SuspendThread: Access is denied. (0x5)
[0211/014727.963:ERROR:process_reader_win.cc(151)] SuspendThread: Access is denied. (0x5)
[0211/014727.963:ERROR:process_reader_win.cc(151)] SuspendThread: Access is denied. (0x5)
[0211/014727.963:ERROR:process_reader_win.cc(151)] SuspendThread: Access is denied. (0x5)
[0211/014727.963:ERROR:process_reader_win.cc(151)] SuspendThread: Access is denied. (0x5)
[0211/014727.963:ERROR:process_reader_win.cc(151)] SuspendThread: Access is denied. (0x5)
[0211/014727.963:ERROR:process_reader_win.cc(151)] SuspendThread: Access is denied. (0x5)
[0211/014727.963:ERROR:process_reader_win.cc(151)] SuspendThread: Access is denied. (0x5)
[0211/014727.963:ERROR:process_reader_win.cc(151)] SuspendThread: Access is denied. (0x5)
[0211/014727.963:ERROR:process_reader_win.cc(151)] SuspendThread: Access is denied. (0x5)
[0211/014727.963:ERROR:process_reader_win.cc(151)] SuspendThread: Access is denied. (0x5)
[0211/014727.963:ERROR:process_reader_win.cc(151)] SuspendThread: Access is denied. (0x5)
[0211/014727.963:ERROR:process_reader_win.cc(151)] SuspendThread: Access is denied. (0x5)
[0211/014727.963:ERROR:process_reader_win.cc(151)] SuspendThread: Access is denied. (0x5)
[0211/014727.963:ERROR:process_reader_win.cc(151)] SuspendThread: Access is denied. (0x5)
[0211/014727.963:ERROR:process_reader_win.cc(151)] SuspendThread: Access is denied. (0x5)
[0211/014727.963:ERROR:process_reader_win.cc(151)] SuspendThread: Access is denied. (0x5)
[0211/014727.963:ERROR:process_reader_win.cc(151)] SuspendThread: Access is denied. (0x5)
[0211/014727.963:ERROR:process_reader_win.cc(151)] SuspendThread: Access is denied. (0x5)
[0211/014727.963:ERROR:process_reader_win.cc(151)] SuspendThread: Access is denied. (0x5)
[0211/014727.963:ERROR:process_reader_win.cc(151)] SuspendThread: Access is denied. (0x5)
[0211/014727.963:ERROR:process_reader_win.cc(151)] SuspendThread: Access is denied. (0x5)
[0211/014727.964:ERROR:process_reader_win.cc(151)] SuspendThread: Access is denied. (0x5)
[0211/014727.921:ERROR:process_reader_win.cc(151)] SuspendThread: Access is denied. (0x5)
[0211/014727.964:ERROR:process_reader_win.cc(151)] SuspendThread: Access is denied. (0x5)
[0211/014727.964:ERROR:process_reader_win.cc(151)] SuspendThread: Access is denied. (0x5)
[0211/014727.964:ERROR:process_reader_win.cc(123)] NtOpenThread: {Access Denied} A process has requested access to an object, but has not been granted those access rights. (0xc0000022)
[0211/014727.964:ERROR:exception_snapshot_win.cc(98)] thread ID 13236 not found in process
[0211/014727.964:ERROR:process_reader_win.cc(151)] SuspendThread: Access is denied. (0x5)
[0211/014727.964:ERROR:process_reader_win.cc(151)] SuspendThread: Access is denied. (0x5)
[0211/014727.964:ERROR:process_reader_win.cc(151)] SuspendThread: Access is denied. (0x5)
[0211/014727.964:ERROR:process_reader_win.cc(151)] SuspendThread: Access is denied. (0x5)
[0211/014727.964:ERROR:process_reader_win.cc(151)] SuspendThread: Access is denied. (0x5)
[0211/014727.964:ERROR:process_reader_win.cc(151)] SuspendThread: Access is denied. (0x5)
[0211/014727.964:ERROR:process_reader_win.cc(151)] SuspendThread: Access is denied. (0x5)
[0211/014727.964:ERROR:process_reader_win.cc(151)] SuspendThread: Access is denied. (0x5)
[0211/014727.965:ERROR:process_reader_win.cc(151)] SuspendThread: Access is denied. (0x5)
[0211/014727.965:ERROR:process_reader_win.cc(151)] SuspendThread: Access is denied. (0x5)
[0211/014727.965:ERROR:process_reader_win.cc(151)] SuspendThread: Access is denied. (0x5)
[0211/014727.965:ERROR:process_reader_win.cc(151)] SuspendThread: Access is denied. (0x5)
[0211/014727.965:ERROR:process_reader_win.cc(151)] SuspendThread: Access is denied. (0x5)
[0211/014727.965:ERROR:process_reader_win.cc(151)] SuspendThread: Access is denied. (0x5)
[0211/014727.965:ERROR:process_reader_win.cc(151)] SuspendThread: Access is denied. (0x5)
[0211/014727.965:ERROR:process_reader_win.cc(151)] SuspendThread: Access is denied. (0x5)
[0211/014727.965:ERROR:process_reader_win.cc(151)] SuspendThread: Access is denied. (0x5)
[0211/014727.965:ERROR:process_reader_win.cc(151)] SuspendThread: Access is denied. (0x5)
[0211/014727.965:ERROR:process_reader_win.cc(151)] SuspendThread: Access is denied. (0x5)
[0211/014727.965:ERROR:process_reader_win.cc(151)] SuspendThread: Access is denied. (0x5)
[0211/014727.965:ERROR:process_reader_win.cc(123)] NtOpenThread: {Access Denied} A process has requested access to an object, but has not been granted those access rights. (0xc0000022)
[0211/014727.965:ERROR:exception_snapshot_win.cc(98)] thread ID 16456 not found in process
[0211/014727.967:ERROR:process_reader_win.cc(151)] SuspendThread: Access is denied. (0x5)
[0211/014727.967:ERROR:process_reader_win.cc(123)] NtOpenThread: {Access Denied} A process has requested access to an object, but has not been granted those access rights. (0xc0000022)
[0211/014727.967:ERROR:exception_snapshot_win.cc(98)] thread ID 16656 not found in process
[0211/014727.975:ERROR:process_reader_win.cc(151)] SuspendThread: Access is denied. (0x5)
[0211/014727.975:ERROR:process_reader_win.cc(123)] NtOpenThread: {Access Denied} A process has requested access to an object, but has not been granted those access rights. (0xc0000022)
[0211/014727.975:ERROR:exception_snapshot_win.cc(98)] thread ID 20188 not found in process
[0211/014727.979:ERROR:process_reader_win.cc(151)] SuspendThread: Access is denied. (0x5)
[0211/014727.979:ERROR:process_reader_win.cc(123)] NtOpenThread: {Access Denied} A process has requested access to an object, but has not been granted those access rights. (0xc0000022)
[0211/014727.979:ERROR:exception_snapshot_win.cc(98)] thread ID 11380 not found in process
[0211/014727.984:ERROR:process_reader_win.cc(151)] SuspendThread: Access is denied. (0x5)
[0211/014727.984:ERROR:process_reader_win.cc(123)] NtOpenThread: {Access Denied} A process has requested access to an object, but has not been granted those access rights. (0xc0000022)
[0211/014727.984:ERROR:exception_snapshot_win.cc(98)] thread ID 18176 not found in process
[0211/014727.890:ERROR:process_reader_win.cc(123)] NtOpenThread: {Access Denied} A process has requested access to an object, but has not been granted those access rights. (0xc0000022)
[0211/014727.986:ERROR:exception_snapshot_win.cc(98)] thread ID 20692 not found in process
[0211/014727.989:ERROR:process_reader_win.cc(151)] SuspendThread: Access is denied. (0x5)
[0211/014727.989:ERROR:process_reader_win.cc(123)] NtOpenThread: {Access Denied} A process has requested access to an object, but has not been granted those access rights. (0xc0000022)
[0211/014727.989:ERROR:exception_snapshot_win.cc(98)] thread ID 19756 not found in process
[0211/014727.993:ERROR:process_reader_win.cc(151)] SuspendThread: Access is denied. (0x5)
[0211/014727.993:ERROR:process_reader_win.cc(151)] SuspendThread: Access is denied. (0x5)
[0211/014727.993:ERROR:process_reader_win.cc(151)] SuspendThread: Access is denied. (0x5)
[0211/014727.993:ERROR:process_reader_win.cc(151)] SuspendThread: Access is denied. (0x5)
[0211/014727.993:ERROR:process_reader_win.cc(123)] NtOpenThread: {Access Denied} A process has requested access to an object, but has not been granted those access rights. (0xc0000022)
[0211/014727.993:ERROR:exception_snapshot_win.cc(98)] thread ID 1180 not found in process
[0211/014727.995:ERROR:process_reader_win.cc(151)] SuspendThread: Access is denied. (0x5)
[0211/014727.995:ERROR:process_reader_win.cc(123)] NtOpenThread: {Access Denied} A process has requested access to an object, but has not been granted those access rights. (0xc0000022)
[0211/014727.995:ERROR:exception_snapshot_win.cc(98)] thread ID 11252 not found in process
[0211/022204.107:ERROR:process_reader_win.cc(123)] NtOpenThread: {Access Denied} A process has requested access to an object, but has not been granted those access rights. (0xc0000022)
[0211/022204.128:ERROR:process_reader_win.cc(123)] NtOpenThread: {Access Denied} A process has requested access to an object, but has not been granted those access rights. (0xc0000022)
[0211/022204.158:ERROR:exception_snapshot_win.cc(98)] thread ID 19212 not found in process
[0211/022204.158:ERROR:exception_snapshot_win.cc(98)] thread ID 18824 not found in process
